#
# There is insufficient memory for the Java Runtime Environment to continue.
# Native memory allocation (malloc) failed to allocate 551376 bytes. Error detail: Chunk::new
# Possible reasons:
#   The system is out of physical RAM or swap space
#   This process is running with CompressedOops enabled, and the Java Heap may be blocking the growth of the native heap
# Possible solutions:
#   Reduce memory load on the system
#   Increase physical memory or swap space
#   Check if swap backing store is full
#   Decrease Java heap size (-Xmx/-Xms)
#   Decrease number of Java threads
#   Decrease Java thread stack sizes (-Xss)
#   Set larger code cache with -XX:ReservedCodeCacheSize=
#   JVM is running with Unscaled Compressed Oops mode in which the Java heap is
#     placed in the first 4GB address space. The Java Heap base address is the
#     maximum limit for the native heap growth. Please use -XX:HeapBaseMinAddress
#     to set the Java Heap base and to place the Java Heap above 4GB virtual address.
# This output file may be truncated or incomplete.
#
#  Out of Memory Error (arena.cpp:191), pid=17928, tid=2400
#
# JRE version: OpenJDK Runtime Environment Corretto-17.0.18.9.1 (17.0.18+9) (build 17.0.18+9-LTS)
# Java VM: OpenJDK 64-Bit Server VM Corretto-17.0.18.9.1 (17.0.18+9-LTS, mixed mode, sharing, tiered, compressed oops, compressed class ptrs, g1 gc, windows-amd64)
# No core dump will be written. Minidumps are not enabled by default on client versions of Windows
#

---------------  S U M M A R Y ------------

Command Line: -javaagent:C:\Program Files\JetBrains\IntelliJ IDEA 2025.3.2\lib\idea_rt.jar=52484 -Dfile.encoding=UTF-8 --module-path=C:\Users\USUARIO\Documents\PROGRAMACION UNIVALLE\Java\escritura-rapida\target\classes;C:\Users\USUARIO\.m2\repository\org\openjfx\javafx-controls\17.0.14\javafx-controls-17.0.14-win.jar;C:\Users\USUARIO\.m2\repository\org\openjfx\javafx-graphics\17.0.14\javafx-graphics-17.0.14-win.jar;C:\Users\USUARIO\.m2\repository\org\openjfx\javafx-fxml\17.0.14\javafx-fxml-17.0.14-win.jar;C:\Users\USUARIO\.m2\repository\org\openjfx\javafx-base\17.0.14\javafx-base-17.0.14-win.jar -Djdk.module.main=com.example.escriturarapida com.example.escriturarapida/com.example.escriturarapida.Main

Host: AMD Ryzen 5 7535HS with Radeon Graphics        , 12 cores, 5G,  Windows 11 , 64 bit Build 22000 (10.0.22000.318)
Time: Wed Feb 25 22:00:26 2026 Hora est. Pacífico, Sudamérica elapsed time: 13.911066 seconds (0d 0h 0m 13s)

---------------  T H R E A D  ---------------

Current thread (0x00000281bc77ef00):  JavaThread "C2 CompilerThread0" daemon [_thread_in_native, id=2400, stack(0x000000ed04000000,0x000000ed04100000)]


Current CompileTask:
C2:13911 4350       4       java.util.WeakHashMap::putAll (133 bytes)

Stack: [0x000000ed04000000,0x000000ed04100000]
Native frames: (J=compiled Java code, j=interpreted, Vv=VM code, C=native code)
V  [jvm.dll+0x68b3f9]